# JRE version: Java(TM) SE Runtime Environment (8.0_251-b08) (build 1.8.0_251-b08)
# Java VM: Java HotSpot(TM) 64-Bit Server VM (25.251-b08 mixed mode windows-amd64 compressed oops)
Heap:
 PSYoungGen      total 37888K, used 6595K [0x00000000d6600000, 0x00000000d9000000, 0x0000000100000000)
  eden space 32768K, 20% used [0x00000000d6600000,0x00000000d6c70f78,0x00000000d8600000)
  from space 5120K, 0% used [0x00000000d8b00000,0x00000000d8b00000,0x00000000d9000000)
  to   space 5120K, 0% used [0x00000000d8600000,0x00000000d8600000,0x00000000d8b00000)
 ParOldGen       total 64512K, used 5666K [0x0000000083200000, 0x0000000087100000, 0x00000000d6600000)
  object space 64512K, 8% used [0x0000000083200000,0x0000000083788838,0x0000000087100000)
 Metaspace       used 21586K, capacity 21936K, committed 22192K, reserved 1069056K
  class space    used 2660K, capacity 2782K, committed 2816K, reserved 1048576K
GC Heap History (6 events):
Event: 1.139 GC heap before
{Heap before GC invocations=1 (full 0):
 PSYoungGen      total 37888K, used 32768K [0x00000000d6600000, 0x00000000d9000000, 0x0000000100000000)
  eden space 32768K, 100% used [0x00000000d6600000,0x00000000d8600000,0x00000000d8600000)
  from space 5120K, 0% used [0x00000000d8b00000,0x00000000d8b00000,0x00000000d9000000)
  to   space 5120K, 0% used [0x00000000d8600000,0x00000000d8600000,0x00000000d8b00000)
 ParOldGen       total 86016K, used 0K [0x0000000083200000, 0x0000000088600000, 0x00000000d6600000)
  object space 86016K, 0% used [0x0000000083200000,0x0000000083200000,0x0000000088600000)
 Metaspace       used 18103K, capacity 18444K, committed 18688K, reserved 1064960K
  class space    used 2173K, capacity 2280K, committed 2304K, reserved 1048576K
Event: 1.145 GC heap after
Heap after GC invocations=1 (full 0):
 PSYoungGen      total 37888K, used 5099K [0x00000000d6600000, 0x00000000d9000000, 0x0000000100000000)
  eden space 32768K, 0% used [0x00000000d6600000,0x00000000d6600000,0x00000000d8600000)
  from space 5120K, 99% used [0x00000000d8600000,0x00000000d8afafa0,0x00000000d8b00000)
  to   space 5120K, 0% used [0x00000000d8b00000,0x00000000d8b00000,0x00000000d9000000)
 ParOldGen       total 86016K, used 3141K [0x0000000083200000, 0x0000000088600000, 0x00000000d6600000)
  object space 86016K, 3% used [0x0000000083200000,0x00000000835114f8,0x0000000088600000)
 Metaspace       used 18103K, capacity 18444K, committed 18688K, reserved 1064960K
  class space    used 2173K, capacity 2280K, committed 2304K, reserved 1048576K
}
Event: 3.791 GC heap before
{Heap before GC invocations=2 (full 0):
 PSYoungGen      total 37888K, used 13053K [0x00000000d6600000, 0x00000000d9000000, 0x0000000100000000)
  eden space 32768K, 24% used [0x00000000d6600000,0x00000000d6dc44e0,0x00000000d8600000)
  from space 5120K, 99% used [0x00000000d8600000,0x00000000d8afafa0,0x00000000d8b00000)
  to   space 5120K, 0% used [0x00000000d8b00000,0x00000000d8b00000,0x00000000d9000000)
 ParOldGen       total 86016K, used 3141K [0x0000000083200000, 0x0000000088600000, 0x00000000d6600000)
  object space 86016K, 3% used [0x0000000083200000,0x00000000835114f8,0x0000000088600000)
 Metaspace       used 20750K, capacity 21058K, committed 21296K, reserved 1069056K
  class space    used 2549K, capacity 2683K, committed 2688K, reserved 1048576K
Event: 3.796 GC heap after
Heap after GC invocations=2 (full 0):
 PSYoungGen      total 37888K, used 5104K [0x00000000d6600000, 0x00000000d9000000, 0x0000000100000000)
  eden space 32768K, 0% used [0x00000000d6600000,0x00000000d6600000,0x00000000d8600000)
  from space 5120K, 99% used [0x00000000d8b00000,0x00000000d8ffc020,0x00000000d9000000)
  to   space 5120K, 0% used [0x00000000d8600000,0x00000000d8600000,0x00000000d8b00000)
 ParOldGen       total 86016K, used 3833K [0x0000000083200000, 0x0000000088600000, 0x00000000d6600000)
  object space 86016K, 4% used [0x0000000083200000,0x00000000835be5e0,0x0000000088600000)
 Metaspace       used 20750K, capacity 21058K, committed 21296K, reserved 1069056K
  class space    used 2549K, capacity 2683K, committed 2688K, reserved 1048576K
}
Event: 3.796 GC heap before
{Heap before GC invocations=3 (full 1):
 PSYoungGen      total 37888K, used 5104K [0x00000000d6600000, 0x00000000d9000000, 0x0000000100000000)
  eden space 32768K, 0% used [0x00000000d6600000,0x00000000d6600000,0x00000000d8600000)
  from space 5120K, 99% used [0x00000000d8b00000,0x00000000d8ffc020,0x00000000d9000000)
  to   space 5120K, 0% used [0x00000000d8600000,0x00000000d8600000,0x00000000d8b00000)
 ParOldGen       total 86016K, used 3833K [0x0000000083200000, 0x0000000088600000, 0x00000000d6600000)
  object space 86016K, 4% used [0x0000000083200000,0x00000000835be5e0,0x0000000088600000)
 Metaspace       used 20750K, capacity 21058K, committed 21296K, reserved 1069056K
  class space    used 2549K, capacity 2683K, committed 2688K, reserved 1048576K
Event: 3.823 GC heap after
Heap after GC invocations=3 (full 1):
 PSYoungGen      total 37888K, used 0K [0x00000000d6600000, 0x00000000d9000000, 0x0000000100000000)
  eden space 32768K, 0% used [0x00000000d6600000,0x00000000d6600000,0x00000000d8600000)
  from space 5120K, 0% used [0x00000000d8b00000,0x00000000d8b00000,0x00000000d9000000)
  to   space 5120K, 0% used [0x00000000d8600000,0x00000000d8600000,0x00000000d8b00000)
 ParOldGen       total 64512K, used 5666K [0x0000000083200000, 0x0000000087100000, 0x00000000d6600000)
  object space 64512K, 8% used [0x0000000083200000,0x0000000083788838,0x0000000087100000)
 Metaspace       used 20750K, capacity 21058K, committed 21296K, reserved 1069056K
  class space    used 2549K, capacity 2683K, committed 2688K, reserved 1048576K
}

