# JRE version: Java(TM) SE Runtime Environment (8.0_251-b08) (build 1.8.0_251-b08)
# Java VM: Java HotSpot(TM) 64-Bit Server VM (25.251-b08 mixed mode windows-amd64 compressed oops)
Heap:
 PSYoungGen      total 37888K, used 7030K [0x00000000d6600000, 0x00000000db000000, 0x0000000100000000)
  eden space 32768K, 21% used [0x00000000d6600000,0x00000000d6cdd9c0,0x00000000d8600000)
  from space 5120K, 0% used [0x00000000d8b00000,0x00000000d8b00000,0x00000000d9000000)
  to   space 5120K, 0% used [0x00000000d8600000,0x00000000d8600000,0x00000000d8b00000)
 ParOldGen       total 58880K, used 5703K [0x0000000083200000, 0x0000000086b80000, 0x00000000d6600000)
  object space 58880K, 9% used [0x0000000083200000,0x0000000083791ea0,0x0000000086b80000)
 Metaspace       used 21828K, capacity 22192K, committed 22448K, reserved 1069056K
  class space    used 2668K, capacity 2782K, committed 2816K, reserved 1048576K
GC Heap History (6 events):
Event: 1.034 GC heap before
{Heap before GC invocations=1 (full 0):
 PSYoungGen      total 37888K, used 32768K [0x00000000d6600000, 0x00000000d9000000, 0x0000000100000000)
  eden space 32768K, 100% used [0x00000000d6600000,0x00000000d8600000,0x00000000d8600000)
  from space 5120K, 0% used [0x00000000d8b00000,0x00000000d8b00000,0x00000000d9000000)
  to   space 5120K, 0% used [0x00000000d8600000,0x00000000d8600000,0x00000000d8b00000)
 ParOldGen       total 86016K, used 0K [0x0000000083200000, 0x0000000088600000, 0x00000000d6600000)
  object space 86016K, 0% used [0x0000000083200000,0x0000000083200000,0x0000000088600000)
 Metaspace       used 18114K, capacity 18380K, committed 18688K, reserved 1064960K
  class space    used 2179K, capacity 2280K, committed 2304K, reserved 1048576K
Event: 1.040 GC heap after
Heap after GC invocations=1 (full 0):
 PSYoungGen      total 37888K, used 5111K [0x00000000d6600000, 0x00000000d9000000, 0x0000000100000000)
  eden space 32768K, 0% used [0x00000000d6600000,0x00000000d6600000,0x00000000d8600000)
  from space 5120K, 99% used [0x00000000d8600000,0x00000000d8afdd28,0x00000000d8b00000)
  to   space 5120K, 0% used [0x00000000d8b00000,0x00000000d8b00000,0x00000000d9000000)
 ParOldGen       total 86016K, used 3165K [0x0000000083200000, 0x0000000088600000, 0x00000000d6600000)
  object space 86016K, 3% used [0x0000000083200000,0x0000000083517538,0x0000000088600000)
 Metaspace       used 18114K, capacity 18380K, committed 18688K, reserved 1064960K
  class space    used 2179K, capacity 2280K, committed 2304K, reserved 1048576K
}
Event: 1.191 GC heap before
{Heap before GC invocations=2 (full 0):
 PSYoungGen      total 37888K, used 12252K [0x00000000d6600000, 0x00000000d9000000, 0x0000000100000000)
  eden space 32768K, 21% used [0x00000000d6600000,0x00000000d6cf9690,0x00000000d8600000)
  from space 5120K, 99% used [0x00000000d8600000,0x00000000d8afdd28,0x00000000d8b00000)
  to   space 5120K, 0% used [0x00000000d8b00000,0x00000000d8b00000,0x00000000d9000000)
 ParOldGen       total 86016K, used 3165K [0x0000000083200000, 0x0000000088600000, 0x00000000d6600000)
  object space 86016K, 3% used [0x0000000083200000,0x0000000083517538,0x0000000088600000)
 Metaspace       used 20718K, capacity 21014K, committed 21296K, reserved 1069056K
  class space    used 2539K, capacity 2649K, committed 2688K, reserved 1048576K
Event: 1.197 GC heap after
Heap after GC invocations=2 (full 0):
 PSYoungGen      total 37888K, used 5103K [0x00000000d6600000, 0x00000000db000000, 0x0000000100000000)
  eden space 32768K, 0% used [0x00000000d6600000,0x00000000d6600000,0x00000000d8600000)
  from space 5120K, 99% used [0x00000000d8b00000,0x00000000d8ffbd28,0x00000000d9000000)
  to   space 5120K, 0% used [0x00000000d8600000,0x00000000d8600000,0x00000000d8b00000)
 ParOldGen       total 86016K, used 3860K [0x0000000083200000, 0x0000000088600000, 0x00000000d6600000)
  object space 86016K, 4% used [0x0000000083200000,0x00000000835c5360,0x0000000088600000)
 Metaspace       used 20718K, capacity 21014K, committed 21296K, reserved 1069056K
  class space    used 2539K, capacity 2649K, committed 2688K, reserved 1048576K
}
Event: 1.197 GC heap before
{Heap before GC invocations=3 (full 1):
 PSYoungGen      total 37888K, used 5103K [0x00000000d6600000, 0x00000000db000000, 0x0000000100000000)
  eden space 32768K, 0% used [0x00000000d6600000,0x00000000d6600000,0x00000000d8600000)
  from space 5120K, 99% used [0x00000000d8b00000,0x00000000d8ffbd28,0x00000000d9000000)
  to   space 5120K, 0% used [0x00000000d8600000,0x00000000d8600000,0x00000000d8b00000)
 ParOldGen       total 86016K, used 3860K [0x0000000083200000, 0x0000000088600000, 0x00000000d6600000)
  object space 86016K, 4% used [0x0000000083200000,0x00000000835c5360,0x0000000088600000)
 Metaspace       used 20718K, capacity 21014K, committed 21296K, reserved 1069056K
  class space    used 2539K, capacity 2649K, committed 2688K, reserved 1048576K
Event: 1.223 GC heap after
Heap after GC invocations=3 (full 1):
 PSYoungGen      total 37888K, used 0K [0x00000000d6600000, 0x00000000db000000, 0x0000000100000000)
  eden space 32768K, 0% used [0x00000000d6600000,0x00000000d6600000,0x00000000d8600000)
  from space 5120K, 0% used [0x00000000d8b00000,0x00000000d8b00000,0x00000000d9000000)
  to   space 5120K, 0% used [0x00000000d8600000,0x00000000d8600000,0x00000000d8b00000)
 ParOldGen       total 58880K, used 5703K [0x0000000083200000, 0x0000000086b80000, 0x00000000d6600000)
  object space 58880K, 9% used [0x0000000083200000,0x0000000083791ea0,0x0000000086b80000)
 Metaspace       used 20718K, capacity 21014K, committed 21296K, reserved 1069056K
  class space    used 2539K, capacity 2649K, committed 2688K, reserved 1048576K
}

