# JRE version: Java(TM) SE Runtime Environment (8.0_251-b08) (build 1.8.0_251-b08)
# Java VM: Java HotSpot(TM) 64-Bit Server VM (25.251-b08 mixed mode windows-amd64 compressed oops)
Heap:
 PSYoungGen      total 37888K, used 6383K [0x00000000d6600000, 0x00000000db000000, 0x0000000100000000)
  eden space 32768K, 19% used [0x00000000d6600000,0x00000000d6c3bff8,0x00000000d8600000)
  from space 5120K, 0% used [0x00000000d8b00000,0x00000000d8b00000,0x00000000d9000000)
  to   space 5120K, 0% used [0x00000000d8600000,0x00000000d8600000,0x00000000d8b00000)
 ParOldGen       total 61440K, used 5671K [0x0000000083200000, 0x0000000086e00000, 0x00000000d6600000)
  object space 61440K, 9% used [0x0000000083200000,0x0000000083789d78,0x0000000086e00000)
 Metaspace       used 21645K, capacity 21996K, committed 22448K, reserved 1069056K
  class space    used 2667K, capacity 2782K, committed 2816K, reserved 1048576K
GC Heap History (6 events):
Event: 1.178 GC heap before
{Heap before GC invocations=1 (full 0):
 PSYoungGen      total 37888K, used 32768K [0x00000000d6600000, 0x00000000d9000000, 0x0000000100000000)
  eden space 32768K, 100% used [0x00000000d6600000,0x00000000d8600000,0x00000000d8600000)
  from space 5120K, 0% used [0x00000000d8b00000,0x00000000d8b00000,0x00000000d9000000)
  to   space 5120K, 0% used [0x00000000d8600000,0x00000000d8600000,0x00000000d8b00000)
 ParOldGen       total 86016K, used 0K [0x0000000083200000, 0x0000000088600000, 0x00000000d6600000)
  object space 86016K, 0% used [0x0000000083200000,0x0000000083200000,0x0000000088600000)
 Metaspace       used 18094K, capacity 18444K, committed 18688K, reserved 1064960K
  class space    used 2173K, capacity 2280K, committed 2304K, reserved 1048576K
Event: 1.185 GC heap after
Heap after GC invocations=1 (full 0):
 PSYoungGen      total 37888K, used 5118K [0x00000000d6600000, 0x00000000d9000000, 0x0000000100000000)
  eden space 32768K, 0% used [0x00000000d6600000,0x00000000d6600000,0x00000000d8600000)
  from space 5120K, 99% used [0x00000000d8600000,0x00000000d8affa78,0x00000000d8b00000)
  to   space 5120K, 0% used [0x00000000d8b00000,0x00000000d8b00000,0x00000000d9000000)
 ParOldGen       total 86016K, used 3155K [0x0000000083200000, 0x0000000088600000, 0x00000000d6600000)
  object space 86016K, 3% used [0x0000000083200000,0x0000000083514fa0,0x0000000088600000)
 Metaspace       used 18094K, capacity 18444K, committed 18688K, reserved 1064960K
  class space    used 2173K, capacity 2280K, committed 2304K, reserved 1048576K
}
Event: 1.352 GC heap before
{Heap before GC invocations=2 (full 0):
 PSYoungGen      total 37888K, used 13005K [0x00000000d6600000, 0x00000000d9000000, 0x0000000100000000)
  eden space 32768K, 24% used [0x00000000d6600000,0x00000000d6db3b48,0x00000000d8600000)
  from space 5120K, 99% used [0x00000000d8600000,0x00000000d8affa78,0x00000000d8b00000)
  to   space 5120K, 0% used [0x00000000d8b00000,0x00000000d8b00000,0x00000000d9000000)
 ParOldGen       total 86016K, used 3155K [0x0000000083200000, 0x0000000088600000, 0x00000000d6600000)
  object space 86016K, 3% used [0x0000000083200000,0x0000000083514fa0,0x0000000088600000)
 Metaspace       used 20703K, capacity 21014K, committed 21296K, reserved 1069056K
  class space    used 2530K, capacity 2649K, committed 2688K, reserved 1048576K
Event: 1.358 GC heap after
Heap after GC invocations=2 (full 0):
 PSYoungGen      total 37888K, used 5093K [0x00000000d6600000, 0x00000000db000000, 0x0000000100000000)
  eden space 32768K, 0% used [0x00000000d6600000,0x00000000d6600000,0x00000000d8600000)
  from space 5120K, 99% used [0x00000000d8b00000,0x00000000d8ff94e8,0x00000000d9000000)
  to   space 5120K, 0% used [0x00000000d8600000,0x00000000d8600000,0x00000000d8b00000)
 ParOldGen       total 86016K, used 3857K [0x0000000083200000, 0x0000000088600000, 0x00000000d6600000)
  object space 86016K, 4% used [0x0000000083200000,0x00000000835c4788,0x0000000088600000)
 Metaspace       used 20703K, capacity 21014K, committed 21296K, reserved 1069056K
  class space    used 2530K, capacity 2649K, committed 2688K, reserved 1048576K
}
Event: 1.358 GC heap before
{Heap before GC invocations=3 (full 1):
 PSYoungGen      total 37888K, used 5093K [0x00000000d6600000, 0x00000000db000000, 0x0000000100000000)
  eden space 32768K, 0% used [0x00000000d6600000,0x00000000d6600000,0x00000000d8600000)
  from space 5120K, 99% used [0x00000000d8b00000,0x00000000d8ff94e8,0x00000000d9000000)
  to   space 5120K, 0% used [0x00000000d8600000,0x00000000d8600000,0x00000000d8b00000)
 ParOldGen       total 86016K, used 3857K [0x0000000083200000, 0x0000000088600000, 0x00000000d6600000)
  object space 86016K, 4% used [0x0000000083200000,0x00000000835c4788,0x0000000088600000)
 Metaspace       used 20703K, capacity 21014K, committed 21296K, reserved 1069056K
  class space    used 2530K, capacity 2649K, committed 2688K, reserved 1048576K
Event: 1.392 GC heap after
Heap after GC invocations=3 (full 1):
 PSYoungGen      total 37888K, used 0K [0x00000000d6600000, 0x00000000db000000, 0x0000000100000000)
  eden space 32768K, 0% used [0x00000000d6600000,0x00000000d6600000,0x00000000d8600000)
  from space 5120K, 0% used [0x00000000d8b00000,0x00000000d8b00000,0x00000000d9000000)
  to   space 5120K, 0% used [0x00000000d8600000,0x00000000d8600000,0x00000000d8b00000)
 ParOldGen       total 61440K, used 5671K [0x0000000083200000, 0x0000000086e00000, 0x00000000d6600000)
  object space 61440K, 9% used [0x0000000083200000,0x0000000083789d78,0x0000000086e00000)
 Metaspace       used 20703K, capacity 21014K, committed 21296K, reserved 1069056K
  class space    used 2530K, capacity 2649K, committed 2688K, reserved 1048576K
}

