# JRE version: Java(TM) SE Runtime Environment (8.0_251-b08) (build 1.8.0_251-b08)
# Java VM: Java HotSpot(TM) 64-Bit Server VM (25.251-b08 mixed mode windows-amd64 compressed oops)
Heap:
 PSYoungGen      total 37888K, used 6492K [0x00000000d6600000, 0x00000000db000000, 0x0000000100000000)
  eden space 32768K, 19% used [0x00000000d6600000,0x00000000d6c57130,0x00000000d8600000)
  from space 5120K, 0% used [0x00000000d8b00000,0x00000000d8b00000,0x00000000d9000000)
  to   space 5120K, 0% used [0x00000000d8600000,0x00000000d8600000,0x00000000d8b00000)
 ParOldGen       total 58880K, used 5701K [0x0000000083200000, 0x0000000086b80000, 0x00000000d6600000)
  object space 58880K, 9% used [0x0000000083200000,0x0000000083791590,0x0000000086b80000)
 Metaspace       used 21713K, capacity 22096K, committed 22448K, reserved 1069056K
  class space    used 2674K, capacity 2814K, committed 2816K, reserved 1048576K
GC Heap History (6 events):
Event: 1.038 GC heap before
{Heap before GC invocations=1 (full 0):
 PSYoungGen      total 37888K, used 32768K [0x00000000d6600000, 0x00000000d9000000, 0x0000000100000000)
  eden space 32768K, 100% used [0x00000000d6600000,0x00000000d8600000,0x00000000d8600000)
  from space 5120K, 0% used [0x00000000d8b00000,0x00000000d8b00000,0x00000000d9000000)
  to   space 5120K, 0% used [0x00000000d8600000,0x00000000d8600000,0x00000000d8b00000)
 ParOldGen       total 86016K, used 0K [0x0000000083200000, 0x0000000088600000, 0x00000000d6600000)
  object space 86016K, 0% used [0x0000000083200000,0x0000000083200000,0x0000000088600000)
 Metaspace       used 18102K, capacity 18380K, committed 18688K, reserved 1064960K
  class space    used 2174K, capacity 2280K, committed 2304K, reserved 1048576K
Event: 1.046 GC heap after
Heap after GC invocations=1 (full 0):
 PSYoungGen      total 37888K, used 5107K [0x00000000d6600000, 0x00000000d9000000, 0x0000000100000000)
  eden space 32768K, 0% used [0x00000000d6600000,0x00000000d6600000,0x00000000d8600000)
  from space 5120K, 99% used [0x00000000d8600000,0x00000000d8afcf48,0x00000000d8b00000)
  to   space 5120K, 0% used [0x00000000d8b00000,0x00000000d8b00000,0x00000000d9000000)
 ParOldGen       total 86016K, used 3112K [0x0000000083200000, 0x0000000088600000, 0x00000000d6600000)
  object space 86016K, 3% used [0x0000000083200000,0x000000008350a330,0x0000000088600000)
 Metaspace       used 18102K, capacity 18380K, committed 18688K, reserved 1064960K
  class space    used 2174K, capacity 2280K, committed 2304K, reserved 1048576K
}
Event: 1.178 GC heap before
{Heap before GC invocations=2 (full 0):
 PSYoungGen      total 37888K, used 12424K [0x00000000d6600000, 0x00000000d9000000, 0x0000000100000000)
  eden space 32768K, 22% used [0x00000000d6600000,0x00000000d6d25178,0x00000000d8600000)
  from space 5120K, 99% used [0x00000000d8600000,0x00000000d8afcf48,0x00000000d8b00000)
  to   space 5120K, 0% used [0x00000000d8b00000,0x00000000d8b00000,0x00000000d9000000)
 ParOldGen       total 86016K, used 3112K [0x0000000083200000, 0x0000000088600000, 0x00000000d6600000)
  object space 86016K, 3% used [0x0000000083200000,0x000000008350a330,0x0000000088600000)
 Metaspace       used 20708K, capacity 21014K, committed 21296K, reserved 1069056K
  class space    used 2529K, capacity 2649K, committed 2688K, reserved 1048576K
Event: 1.182 GC heap after
Heap after GC invocations=2 (full 0):
 PSYoungGen      total 37888K, used 5103K [0x00000000d6600000, 0x00000000db000000, 0x0000000100000000)
  eden space 32768K, 0% used [0x00000000d6600000,0x00000000d6600000,0x00000000d8600000)
  from space 5120K, 99% used [0x00000000d8b00000,0x00000000d8ffbd28,0x00000000d9000000)
  to   space 5120K, 0% used [0x00000000d8600000,0x00000000d8600000,0x00000000d8b00000)
 ParOldGen       total 86016K, used 3864K [0x0000000083200000, 0x0000000088600000, 0x00000000d6600000)
  object space 86016K, 4% used [0x0000000083200000,0x00000000835c63c0,0x0000000088600000)
 Metaspace       used 20708K, capacity 21014K, committed 21296K, reserved 1069056K
  class space    used 2529K, capacity 2649K, committed 2688K, reserved 1048576K
}
Event: 1.182 GC heap before
{Heap before GC invocations=3 (full 1):
 PSYoungGen      total 37888K, used 5103K [0x00000000d6600000, 0x00000000db000000, 0x0000000100000000)
  eden space 32768K, 0% used [0x00000000d6600000,0x00000000d6600000,0x00000000d8600000)
  from space 5120K, 99% used [0x00000000d8b00000,0x00000000d8ffbd28,0x00000000d9000000)
  to   space 5120K, 0% used [0x00000000d8600000,0x00000000d8600000,0x00000000d8b00000)
 ParOldGen       total 86016K, used 3864K [0x0000000083200000, 0x0000000088600000, 0x00000000d6600000)
  object space 86016K, 4% used [0x0000000083200000,0x00000000835c63c0,0x0000000088600000)
 Metaspace       used 20708K, capacity 21014K, committed 21296K, reserved 1069056K
  class space    used 2529K, capacity 2649K, committed 2688K, reserved 1048576K
Event: 1.205 GC heap after
Heap after GC invocations=3 (full 1):
 PSYoungGen      total 37888K, used 0K [0x00000000d6600000, 0x00000000db000000, 0x0000000100000000)
  eden space 32768K, 0% used [0x00000000d6600000,0x00000000d6600000,0x00000000d8600000)
  from space 5120K, 0% used [0x00000000d8b00000,0x00000000d8b00000,0x00000000d9000000)
  to   space 5120K, 0% used [0x00000000d8600000,0x00000000d8600000,0x00000000d8b00000)
 ParOldGen       total 58880K, used 5701K [0x0000000083200000, 0x0000000086b80000, 0x00000000d6600000)
  object space 58880K, 9% used [0x0000000083200000,0x0000000083791590,0x0000000086b80000)
 Metaspace       used 20708K, capacity 21014K, committed 21296K, reserved 1069056K
  class space    used 2529K, capacity 2649K, committed 2688K, reserved 1048576K
}

